#
# A fatal error has been detected by the Java Runtime Environment:
#
#  SIGSEGV (0xb) at pc=0x0000000000000000, pid=11998, tid=0x0000000000012907
#
# JRE version: Java(TM) SE Runtime Environment (8.0_202-b08) (build 1.8.0_202-b08)
# Java VM: Java HotSpot(TM) 64-Bit Server VM (25.202-b08 mixed mode bsd-amd64 compressed oops)
# Problematic frame:
# C  0x0000000000000000
#
# Failed to write core dump. Core dumps have been disabled. To enable core dumping, try "ulimit -c unlimited" before starting Java again
#
# If you would like to submit a bug report, please visit:
#   http://bugreport.java.com/bugreport/crash.jsp
#

---------------  T H R E A D  ---------------

Current thread is native thread

siginfo: si_signo: 11 (SIGSEGV), si_code: 1 (SEGV_MAPERR), si_addr: 0x0000000000000000

Registers:
RAX=0x0000000125e07508, RBX=0x00000000000161b0, RCX=0x0000000000000010, RDX=0xfffffffffffffff0
RSP=0x000070000a2e7a08, RBP=0x000070000a2e7ab0, RSI=0x0000000000000000, RDI=0x00007fbd2e166400
R8 =0x0000000000000200, R9 =0x00007fbd2fc879a0, R10=0x00007fbd30f49030, R11=0x0000000000000020
R12=0x00007fbd2fc87980, R13=0x00007fbd2e166400, R14=0x00007fbd2fc879a0, R15=0x0000000000000800
RIP=0x0000000000000000, EFLAGS=0x0000000000010246, ERR=0x0000000000000014
  TRAPNO=0x000000000000000e

Top of Stack: (sp=0x000070000a2e7a08)
0x000070000a2e7a08:   0000000125dd9639 0000000000000000
0x000070000a2e7a18:   0000000000000000 00007fbd2e16e5b0
0x000070000a2e7a28:   000000011fbcf010 00007fbd2e16c5b0
0x000070000a2e7a38:   0000020000000000 000070000a2e7a78
0x000070000a2e7a48:   0000000000000800 0000000000000200
0x000070000a2e7a58:   00007fbd2e16a5b0 00007fbd2e166400
0x000070000a2e7a68:   0000020000000000 0000000128bfdcb8
0x000070000a2e7a78:   000000010000037f 58f3f7c372f500c4
0x000070000a2e7a88:   00007fbd32925b70 00007fbd2fc87980
0x000070000a2e7a98:   00007fbd32925af0 00007fbd2fc879a0
0x000070000a2e7aa8:   00007fbd32925b70 000070000a2e7ac0
0x000070000a2e7ab8:   0000000125de92ef 000070000a2e7b40
0x000070000a2e7ac8:   0000000128a61dac 0000000000000000
0x000070000a2e7ad8:   00007fbd329259c0 00007fbd30f48e00
0x000070000a2e7ae8:   00007fbd32925af0 0000020000000000
0x000070000a2e7af8:   00007fbd30f48ff8 000070000a2e7c58
0x000070000a2e7b08:   000070000a2e7c40 0000700000000000
0x000070000a2e7b18:   000070000a2e7c40 00007fbd30f48e00
0x000070000a2e7b28:   00007fbd32925940 00007fbd3287cfa0
0x000070000a2e7b38:   0000000000000200 000070000a2e7b90
0x000070000a2e7b48:   0000000128b80a23 00007fbd2ff81780
0x000070000a2e7b58:   000070000a2e7c58 0000000028a62b42
0x000070000a2e7b68:   00007fbd30f48e00 0000000000000000
0x000070000a2e7b78:   0000000000001fa0 0000000000001000
0x000070000a2e7b88:   00007fbd30f48e00 000070000a2e7c20
0x000070000a2e7b98:   0000000128b80159 00007fbd3287cfa0
0x000070000a2e7ba8:   0000000128b8005d 00007fbd30f490e8
0x000070000a2e7bb8:   000070000a2e7c58 000070000a2e7c40
0x000070000a2e7bc8:   00007fbd30f48e00 00007fbd32925940
0x000070000a2e7bd8:   00007fbd3287cfa0 0000020030f490e8
0x000070000a2e7be8:   00009fe000001fa0 58f3f7c372f500c4
0x000070000a2e7bf8:   00007fbd3287cd20 0000000000000200 

Instructions: (pc=0x0000000000000000)
0xffffffffffffffe0:   

Register to memory mapping:

RAX=0x0000000125e07508: PlaybackBackend+0x20 in /Users/andrei/.gradle/caches/minecraft/net/minecraft/natives/1.11.2/openal.dylib at 0x0000000125dbe000
RBX=0x00000000000161b0 is an unknown value
RCX=0x0000000000000010 is an unknown value
RDX=0xfffffffffffffff0 is an unknown value
RSP=0x000070000a2e7a08 is an unknown value
RBP=0x000070000a2e7ab0 is an unknown value
RSI=0x0000000000000000 is an unknown value
RDI=0x00007fbd2e166400 is an unknown value
R8 =0x0000000000000200 is an unknown value
R9 =0x00007fbd2fc879a0 is an unknown value
R10=0x00007fbd30f49030 is an unknown value
R11=0x0000000000000020 is an unknown value
R12=0x00007fbd2fc87980 is an unknown value
R13=0x00007fbd2e166400 is an unknown value
R14=0x00007fbd2fc879a0 is an unknown value
R15=0x0000000000000800 is an unknown value


Stack: [0x000070000a268000,0x000070000a2e8000],  sp=0x000070000a2e7a08,  free space=510k

---------------  P R O C E S S  ---------------

VM state:at safepoint (shutting down)

VM Mutex/Monitor currently owned by a thread:  ([mutex/lock_event])
[0x00007fbd2b502010] Threads_lock - owner thread: 0x00007fbd2c81f000

heap address: 0x0000000740000000, size: 2048 MB, Compressed Oops mode: Zero based, Oop shift amount: 3
Narrow klass base: 0x0000000000000000, Narrow klass shift: 3
Compressed class space size: 1073741824 Address: 0x00000007c0000000

Heap:
 PSYoungGen      total 628224K, used 342474K [0x0000000795580000, 0x00000007c0000000, 0x00000007c0000000)
  eden space 557568K, 61% used [0x0000000795580000,0x00000007aa3f2920,0x00000007b7600000)
  from space 70656K, 0% used [0x00000007b7600000,0x00000007b7600000,0x00000007bbb00000)
  to   space 70656K, 0% used [0x00000007bbb00000,0x00000007bbb00000,0x00000007c0000000)
 ParOldGen       total 340992K, used 340770K [0x0000000740000000, 0x0000000754d00000, 0x0000000795580000)
  object space 340992K, 99% used [0x0000000740000000,0x0000000754cc8998,0x0000000754d00000)
 Metaspace       used 55309K, capacity 55849K, committed 56320K, reserved 1097728K
  class space    used 6899K, capacity 7067K, committed 7168K, reserved 1048576K

Card table byte_map: [0x000000010a179000,0x000000010a57a000] byte_map_base: 0x0000000106779000

Marking Bits: (ParMarkBitMap*) 0x00000001096fbe40
 Begin Bits: [0x000000010a825000, 0x000000010c825000)
 End Bits:   [0x000000010c825000, 0x000000010e825000)

Polling page: 0x0000000108459000

CodeCache: size=245760Kb used=34175Kb max_used=35174Kb free=211584Kb
 bounds [0x0000000110909000, 0x0000000112ba9000, 0x000000011f909000]
 total_blobs=10034 nmethods=9092 adapters=853
 compilation: enabled

Compilation events (10 events):
Event: 330.096 Thread 0x00007fbd2d003000 12965   !   3       net.minecraft.world.gen.ChunkProviderServer::saveChunkExtraData (31 bytes)
Event: 330.112 Thread 0x00007fbd2d003000 nmethod 12965 0x0000000111866cd0 code [0x0000000111866e60, 0x0000000111867168]
Event: 330.396 Thread 0x00007fbd2c825800 12966       4       java.lang.Long::equals (30 bytes)
Event: 330.428 Thread 0x00007fbd2c825800 nmethod 12966 0x0000000110f21e90 code [0x0000000110f21fe0, 0x0000000110f22098]